0 info it worked if it ends with ok
1 verbose cli [ 'c:\\nodejs\\\\node.exe',
1 verbose cli   'c:\\nodejs\\node_modules\\npm\\bin\\npm-cli.js',
1 verbose cli   'run',
1 verbose cli   'bundle' ]
2 info using npm@1.4.28
3 info using node@v0.10.38
4 verbose node symlink c:\nodejs\\node.exe
5 verbose run-script [ 'prebundle', 'bundle', 'postbundle' ]
6 info prebundle app_template@1.0.0
7 info bundle app_template@1.0.0
8 verbose unsafe-perm in lifecycle true
9 info app_template@1.0.0 Failed to exec bundle script
10 error app_template@1.0.0 bundle: `browserify -t [ babelify --presets [ react es2015] ] .\browserify\main.js -o .\public\js\bundle.js`
10 error Exit status 1
11 error Failed at the app_template@1.0.0 bundle script.
11 error This is most likely a problem with the app_template package,
11 error not with npm itself.
11 error Tell the author that this fails on your system:
11 error     browserify -t [ babelify --presets [ react es2015] ] .\browserify\main.js -o .\public\js\bundle.js
11 error You can get their info via:
11 error     npm owner ls app_template
11 error There is likely additional logging output above.
12 error System Windows_NT 6.1.7601
13 error command "c:\\nodejs\\\\node.exe" "c:\\nodejs\\node_modules\\npm\\bin\\npm-cli.js" "run" "bundle"
14 error cwd C:\dev\app_template
15 error node -v v0.10.38
16 error npm -v 1.4.28
17 error code ELIFECYCLE
18 verbose exit [ 1, true ]
